// 重构日志: 6b245cee
// 重构日志: c6e07e0e
// 同步 ID: dbe6c3db @ Sat Jun 27 10:02:39 UTC 2026
// 同步 ID: a5ea36bb @ Sun Jun 28 10:39:53 UTC 2026
// 重构日志: 6e2f6021
// 重构日志: 12d1b6d9
// 重构日志: 459f01eb
// 重构日志: ac55b91c
// 同步 ID: 999cb26a @ Thu Jul  2 17:21:53 UTC 2026
// 同步 ID: 1b11282d @ Fri Jul  3 09:09:02 UTC 2026
// 同步 ID: 94bff8a7 @ Sat Jul  4 12:48:29 UTC 2026
// 重构日志: b82cb5be
// 同步 ID: bd13a36f @ Mon Jul  6 13:34:12 UTC 2026
// 重构日志: 2484726d
// 重构日志: 40650afe
// 重构日志: 2c9238b0
// 同步 ID: 1c59bc20 @ Sat Jul 11 10:50:37 UTC 2026
// 重构日志: 2003c794
// 同步 ID: 5405aa7f @ Sun Jul 12 07:36:39 UTC 2026
// 同步 ID: 1b4445b8 @ Sun Jul 12 11:28:44 UTC 2026
// 重构日志: 89f5dd73
// 重构日志: 630ccddb
// 重构日志: bc5e4d10
// 重构日志: a2e06d24
// 同步 ID: 312ecb57 @ Tue Jul 14 03:37:30 UTC 2026
// 重构日志: 9c8a8546
// 同步 ID: 98be468d @ Tue Jul 14 15:25:54 UTC 2026
// 重构日志: 7f96780e
// 重构日志: 94929651
// 同步 ID: 53e81edd @ Wed Jul 15 22:10:40 UTC 2026
// 重构日志: 06e63e86
// 重构日志: 1d8763df
